<?xml version="1.0" encoding="UTF-8"?>
<robot generator="Robot 5.0.1 (Python 3.9.7 on win32)" generated="20220928 17:09:52.182" rpa="false" schemaversion="3">
<suite id="s1" name="Suites">
<suite id="s1-s1" name="MysecondRobot" source="D:\pycharmprojects\robotframeworkselenium\demo\MysecondRobot.robot">
<test id="s1-s1-t1" name="LoginTest with Valid Credentials" line="11">
<kw name="Open Browser" library="SeleniumLibrary" type="SETUP">
<arg>${appurl}</arg>
<arg>${browser}</arg>
<doc>Opens a new browser instance to the optional ``url``.</doc>
<msg timestamp="20220928 17:09:52.434" level="INFO">Opening browser 'chrome' to base url 'https://opensource-demo.orangehrmlive.com/'.</msg>
<status status="PASS" starttime="20220928 17:09:52.434" endtime="20220928 17:09:56.947"/>
</kw>
<kw name="Sleep" library="BuiltIn">
<arg>2</arg>
<doc>Pauses the test executed for the given time.</doc>
<msg timestamp="20220928 17:09:58.961" level="INFO">Slept 2 seconds</msg>
<status status="PASS" starttime="20220928 17:09:56.948" endtime="20220928 17:09:58.961"/>
</kw>
<kw name="Enter Username">
<kw name="Input Text" library="SeleniumLibrary">
<arg>name= username</arg>
<arg>admin</arg>
<doc>Types the given ``text`` into the text field identified by ``locator``.</doc>
<msg timestamp="20220928 17:09:58.963" level="INFO">Typing text 'admin' into text field 'name= username'.</msg>
<status status="PASS" starttime="20220928 17:09:58.962" endtime="20220928 17:09:59.049"/>
</kw>
<status status="PASS" starttime="20220928 17:09:58.962" endtime="20220928 17:09:59.049"/>
</kw>
<kw name="Enter Password">
<kw name="Input Password" library="SeleniumLibrary">
<arg>name = password</arg>
<arg>admin123</arg>
<doc>Types the given password into the text field identified by ``locator``.</doc>
<msg timestamp="20220928 17:09:59.051" level="INFO">Typing password into text field 'name = password'.</msg>
<msg timestamp="20220928 17:09:59.094" level="INFO">Temporally setting log level to: NONE</msg>
<msg timestamp="20220928 17:09:59.146" level="INFO">Log level changed from NONE to INFO.</msg>
<status status="PASS" starttime="20220928 17:09:59.050" endtime="20220928 17:09:59.146"/>
</kw>
<status status="PASS" starttime="20220928 17:09:59.050" endtime="20220928 17:09:59.147"/>
</kw>
<kw name="Click Login Button">
<kw name="Click Button" library="SeleniumLibrary">
<arg>//button[@type ='submit']</arg>
<doc>Clicks the button identified by ``locator``.</doc>
<msg timestamp="20220928 17:09:59.149" level="INFO">Clicking button '//button[@type ='submit']'.</msg>
<status status="PASS" starttime="20220928 17:09:59.148" endtime="20220928 17:09:59.207"/>
</kw>
<status status="PASS" starttime="20220928 17:09:59.147" endtime="20220928 17:09:59.208"/>
</kw>
<kw name="Maximize Browser Window" library="SeleniumLibrary">
<doc>Maximizes current browser window.</doc>
<status status="PASS" starttime="20220928 17:09:59.208" endtime="20220928 17:10:02.107"/>
</kw>
<kw name="Logout from application">
<kw name="Click Element" library="SeleniumLibrary">
<arg>//li/span/p</arg>
<doc>Click the element identified by ``locator``.</doc>
<msg timestamp="20220928 17:10:02.109" level="INFO">Clicking element '//li/span/p'.</msg>
<status status="PASS" starttime="20220928 17:10:02.108" endtime="20220928 17:10:02.175"/>
</kw>
<kw name="Sleep" library="BuiltIn">
<arg>5</arg>
<doc>Pauses the test executed for the given time.</doc>
<msg timestamp="20220928 17:10:07.190" level="INFO">Slept 5 seconds</msg>
<status status="PASS" starttime="20220928 17:10:02.176" endtime="20220928 17:10:07.191"/>
</kw>
<kw name="Click Link" library="SeleniumLibrary">
<arg>//a[text()='Logout']</arg>
<doc>Clicks a link identified by ``locator``.</doc>
<msg timestamp="20220928 17:10:07.192" level="INFO">Clicking link '//a[text()='Logout']'.</msg>
<status status="PASS" starttime="20220928 17:10:07.192" endtime="20220928 17:10:08.116"/>
</kw>
<status status="PASS" starttime="20220928 17:10:02.108" endtime="20220928 17:10:08.116"/>
</kw>
<kw name="Sleep" library="BuiltIn">
<arg>5</arg>
<doc>Pauses the test executed for the given time.</doc>
<msg timestamp="20220928 17:10:13.122" level="INFO">Slept 5 seconds</msg>
<status status="PASS" starttime="20220928 17:10:08.117" endtime="20220928 17:10:13.122"/>
</kw>
<kw name="Close Browser" library="SeleniumLibrary" type="TEARDOWN">
<doc>Closes the current browser.</doc>
<status status="PASS" starttime="20220928 17:10:13.122" endtime="20220928 17:10:15.273"/>
</kw>
<tag>Smoke</tag>
<status status="PASS" starttime="20220928 17:09:52.433" endtime="20220928 17:10:15.273"/>
</test>
<status status="PASS" starttime="20220928 17:09:52.215" endtime="20220928 17:10:15.274"/>
</suite>
<status status="PASS" starttime="20220928 17:09:52.193" endtime="20220928 17:10:15.277"/>
</suite>
<statistics>
<total>
<stat pass="1" fail="0" skip="0">All Tests</stat>
</total>
<tag>
<stat pass="1" fail="0" skip="0">Smoke</stat>
</tag>
<suite>
<stat pass="1" fail="0" skip="0" id="s1" name="Suites">Suites</stat>
<stat pass="1" fail="0" skip="0" id="s1-s1" name="MysecondRobot">Suites.MysecondRobot</stat>
</suite>
</statistics>
<errors>
</errors>
</robot>
